sample.interval=20000
"ls" "FUN" "lapply" ".rs.objectsOnSearchPath" ".rs.getCompletionsSearchPath" "Reduce" "<Anonymous>" 
"objects" ".rs.getHelpFromObject" ".rs.getHelpFunction" "<Anonymous>" 
"lazyLoadDBfetch" "mget" "doTryCatch" "tryCatchOne" "tryCatchList" "tryCatch" ".rs.getHelpFromObject" ".rs.getHelpFunction" "<Anonymous>" 
"lazyLoadDBfetch" "mget" "doTryCatch" "tryCatchOne" "tryCatchList" "tryCatch" ".rs.getHelpFromObject" ".rs.getHelpFunction" "<Anonymous>" 
"tryCatchOne" "tryCatchList" "tryCatch" ".rs.getHelpFromObject" ".rs.getHelpFunction" "<Anonymous>" 
"tryCatchList" "tryCatch" "checkCall" "cmpCall" "cmp" "cmpSymbolAssign" "h" "tryInline" "cmpCall" "cmp" "h" "tryInline" "cmpCall" "cmp" "genCode" "cmpfun" "doTryCatch" "tryCatchOne" "tryCatchList" "tryCatch" "compiler:::tryCmpfun" ".rs.getHelp" ".rs.getHelpFromObject" ".rs.getHelpFunction" "<Anonymous>" 
"findCenvVar" "getInlineInfo" "tryInline" "cmpCall" "cmp" "h" "tryInline" "cmpCall" "cmp" "h" "tryInline" "cmpCall" "cmp" "h" "tryInline" "cmpCall" "cmp" "genCode" "cmpfun" "doTryCatch" "tryCatchOne" "tryCatchList" "tryCatch" "compiler:::tryCmpfun" ".rs.getHelp" ".rs.getHelpFromObject" ".rs.getHelpFunction" "<Anonymous>" 
"grepl" "addParaBreaks" "writeLines" "writeLinesUTF8" "of1" "writeBlock" "writeContent" "writeContent" "writeSection" "Rd2HTML" "tools:::httpd" "withCallingHandlers" "suppressWarnings" ".rs.getHelp" ".rs.getHelpFromObject" ".rs.getHelpFunction" "<Anonymous>" 
"grep" "isBlankLineRd" "addParaBreaks" "writeLines" "writeLinesUTF8" "of1" "writeBlock" "writeContent" "writeSection" "Rd2HTML" "tools:::httpd" "withCallingHandlers" "suppressWarnings" ".rs.getHelp" ".rs.getHelpFromObject" ".rs.getHelpFunction" "<Anonymous>" 
"addParaBreaks" "writeLines" "writeLinesUTF8" "of1" "writeBlock" "writeContent" "writeSection" "Rd2HTML" "tools:::httpd" "withCallingHandlers" "suppressWarnings" ".rs.getHelp" ".rs.getHelpFromObject" ".rs.getHelpFunction" "<Anonymous>" 
"addParaBreaks" "writeLines" "writeLinesUTF8" "of1" "writeBlock" "writeContent" "writeSection" "Rd2HTML" "tools:::httpd" "withCallingHandlers" "suppressWarnings" ".rs.getHelp" ".rs.getHelpFromObject" ".rs.getHelpFunction" "<Anonymous>" 
"f" "Reduce" "<Anonymous>" 
"lapply" "summaryRprof" 
"print.default" "print" "print.data.frame" "print" 
"print.default" "print" "print.data.frame" "print" 
"print.default" "print" "print.data.frame" "print" 
"print.default" "print" "print.data.frame" "print" 
"print.default" "print" "print.data.frame" "print" 
"print.default" "print" "print.data.frame" "print" 
"print.default" "print" "print.data.frame" "print" 
"print.default" "print" "print.data.frame" "print" 
"print.default" "print" "print.data.frame" "print" 
"print.default" "print" "print.data.frame" "print" 
"print.default" "print" "print.data.frame" "print" 
"print.default" "print" "print.data.frame" "print" 
"tryCatch" "base::try" "print.default" "print" "print.data.frame" "print" 
"getNamespace" "asNamespace" "getExportedValue" "::" "print.default" "print" "print.data.frame" "print" 
"set.gpar" "pushvpgp" "preDraw.grob" "preDraw" "drawGrob" "recordGraphics" "grid.draw.grob" "grid.draw" "drawGTree" "recordGraphics" "grid.draw.gTree" "grid.draw" "drawGTree" ".Call" "doTryCatch" "tryCatchOne" "tryCatchList" "tryCatch" "<Anonymous>" 
"preDrawDetails" "preDraw.grob" "preDraw" "drawGrob" "recordGraphics" "grid.draw.grob" "grid.draw" "drawGTree" "recordGraphics" "grid.draw.gTree" "grid.draw" "drawGTree" "recordGraphics" "grid.draw.gTree" "NextMethod" "grid.draw.absoluteGrob" "grid.draw" "drawGTree" ".Call" "doTryCatch" "tryCatchOne" "tryCatchList" "tryCatch" "<Anonymous>" 
"save" "<Anonymous>" 
"save" "<Anonymous>" 
"save" "<Anonymous>" 
"names" "names" "set.gpar" "pushvpgp" "preDraw.grob" "preDraw" "drawGrob" "recordGraphics" "grid.draw.grob" "grid.draw" "drawGTree" "recordGraphics" "grid.draw.gTree" "grid.draw" "drawGTree" ".Call" "doTryCatch" "tryCatchOne" "tryCatchList" "tryCatch" "<Anonymous>" 
".subset2" "<Anonymous>" "[[.data.frame" "[[" "$.data.frame" "$" "paste" "vpname" "mapply" "makeContent.gtable" "makeContent" "drawGTree" "recordGraphics" "grid.draw.gTree" "grid.draw" "drawGTree" "recordGraphics" "grid.draw.gTree" "NextMethod" "grid.draw.absoluteGrob" "grid.draw" "drawGTree" ".Call" "doTryCatch" "tryCatchOne" "tryCatchList" "tryCatch" "<Anonymous>" 
"$" "grid.Call" "heightDetails.text" "heightDetails" "<Anonymous>" "grid.Call.graphics" "push.vp.viewport" "push.vp" "push.vp.vpTree" "FUN" "lapply" "pushViewport" "pushgrobvp.viewport" "pushgrobvp" "pushvpgp" "preDraw.gTree" "<Anonymous>" "grid.Call.graphics" "push.vp.viewport" "FUN" "lapply" "pushViewport" "pushgrobvp.viewport" "pushgrobvp" "pushvpgp" "preDraw.gTree" "preDraw" "drawGTree" ".Call" "doTryCatch" "tryCatchOne" "tryCatchList" "tryCatch" "<Anonymous>" 
"unit" "is.unit" "viewport" "makeContext.gtable" "makeContext" "preDraw.gTree" "preDraw" "drawGTree" "recordGraphics" "grid.draw.gTree" "grid.draw" "drawGTree" "recordGraphics" "grid.draw.gTree" "NextMethod" "grid.draw.absoluteGrob" "grid.draw" "drawGTree" ".Call" "doTryCatch" "tryCatchOne" "tryCatchList" "tryCatch" "<Anonymous>" 
"normalizePath" "setNamespaceInfo" "makeNamespace" "loadNamespace" "namespaceImport" "loadNamespace" "namespaceImport" "loadNamespace" "doTryCatch" "tryCatchOne" "tryCatchList" "tryCatch" "requireNamespace" "check_dep_version" "check_suggested" "devtools::load_all" 
"whichMethodMetaNames" "namespaceImportFrom" "loadNamespace" "doTryCatch" "tryCatchOne" "tryCatchList" "tryCatch" "requireNamespace" "check_dep_version" "check_suggested" "devtools::load_all" 
"gc" "unload_dll" "unload" "devtools::load_all" 
"gc" "unload_dll" "unload" "devtools::load_all" 
"gc" "unload_dll" "unload" "devtools::load_all" 
"gc" "unload_dll" "devtools::load_all" 
"gc" "unload_dll" "devtools::load_all" 
"parent.env" "findCenvVar" "getInlineInfo" "isBaseVar" "isLoopTopFun" "checkSkipLoopCntxt" "h" "tryInline" "cmpCall" "cmp" "h" "tryInline" "cmpCall" "cmp" "genCode" "cmpfun" "doTryCatch" "tryCatchOne" "tryCatchList" "tryCatch" "compiler:::tryCmpfun" "<Anonymous>" 
"save" "withCallingHandlers" "suppressWarnings" "<Anonymous>" 
"save" "withCallingHandlers" "suppressWarnings" "<Anonymous>" 
"save" "withCallingHandlers" "suppressWarnings" "<Anonymous>" 
"save" "withCallingHandlers" "suppressWarnings" "<Anonymous>" 
"save" "withCallingHandlers" "suppressWarnings" "<Anonymous>" 
"save" "withCallingHandlers" "suppressWarnings" "<Anonymous>" 
"save" "withCallingHandlers" "suppressWarnings" "<Anonymous>" 
"save" "withCallingHandlers" "suppressWarnings" "<Anonymous>" 
"save" "withCallingHandlers" "suppressWarnings" "<Anonymous>" 
